2018-03-03 19:39:35 [scrapy.utils.log] INFO: Scrapy 1.4.0 started (bot: sina)
2018-03-03 19:39:35 [scrapy.utils.log] INFO: Overridden settings: {'BOT_NAME': 'sina', 'DOWNLOAD_DELAY': 1.1, 'LOG_FILE': 'logs\\sina\\sinaspider\\824894901ed711e88c93f0761c96c9b9.log', 'NEWSPIDER_MODULE': 'sina.spiders', 'SPIDER_MODULES': ['sina.spiders']}
2018-03-03 19:39:35 [scrapy.middleware] INFO: Enabled extensions:
['scrapy.extensions.corestats.CoreStats',
 'scrapy.extensions.telnet.TelnetConsole',
 'scrapy.extensions.logstats.LogStats']
2018-03-03 19:39:35 [scrapy.middleware] INFO: Enabled downloader middlewares:
['sina.middlewares.RandomUserAgentMiddlware',
 'scrapy.downloadermiddlewares.httpauth.HttpAuthMiddleware',
 'scrapy.downloadermiddlewares.downloadtimeout.DownloadTimeoutMiddleware',
 'scrapy.downloadermiddlewares.defaultheaders.DefaultHeadersMiddleware',
 'scrapy.downloadermiddlewares.useragent.UserAgentMiddleware',
 'sina.middlewares.SinaSpiderMiddleware',
 'scrapy.downloadermiddlewares.retry.RetryMiddleware',
 'scrapy.downloadermiddlewares.redirect.MetaRefreshMiddleware',
 'scrapy.downloadermiddlewares.httpcompression.HttpCompressionMiddleware',
 'scrapy.downloadermiddlewares.redirect.RedirectMiddleware',
 'scrapy.downloadermiddlewares.cookies.CookiesMiddleware',
 'scrapy.downloadermiddlewares.httpproxy.HttpProxyMiddleware',
 'scrapy.downloadermiddlewares.stats.DownloaderStats']
2018-03-03 19:39:36 [scrapy.middleware] INFO: Enabled spider middlewares:
['scrapy.spidermiddlewares.httperror.HttpErrorMiddleware',
 'scrapy.spidermiddlewares.offsite.OffsiteMiddleware',
 'scrapy.spidermiddlewares.referer.RefererMiddleware',
 'scrapy.spidermiddlewares.urllength.UrlLengthMiddleware',
 'scrapy.spidermiddlewares.depth.DepthMiddleware']
2018-03-03 19:39:36 [scrapy.middleware] INFO: Enabled item pipelines:
['sina.pipelines.SinaPipeline']
2018-03-03 19:39:36 [scrapy.core.engine] INFO: Spider opened
2018-03-03 19:39:36 [scrapy.extensions.logstats] INFO: Crawled 0 pages (at 0 pages/min), scraped 0 items (at 0 items/min)
2018-03-03 19:39:36 [sinaspider] INFO: Spider opened: sinaspider
2018-03-03 19:39:36 [scrapy.extensions.telnet] DEBUG: Telnet console listening on 127.0.0.1:6024
2018-03-03 19:39:36 [scrapy.core.engine] DEBUG: Crawled (403) <GET https://weibo.cn/1703010470> (referer: None)
2018-03-03 19:39:36 [scrapy.spidermiddlewares.httperror] INFO: Ignoring response <403 https://weibo.cn/1703010470>: HTTP status code is not handled or not allowed
2018-03-03 19:39:36 [scrapy.core.engine] INFO: Closing spider (finished)
2018-03-03 19:39:36 [scrapy.statscollectors] INFO: Dumping Scrapy stats:
{'downloader/request_bytes': 799,
 'downloader/request_count': 1,
 'downloader/request_method_count/GET': 1,
 'downloader/response_bytes': 297,
 'downloader/response_count': 1,
 'downloader/response_status_count/403': 1,
 'finish_reason': 'finished',
 'finish_time': datetime.datetime(2018, 3, 3, 11, 39, 36, 826435),
 'httperror/response_ignored_count': 1,
 'httperror/response_ignored_status_count/403': 1,
 'log_count/DEBUG': 2,
 'log_count/INFO': 9,
 'response_received_count': 1,
 'scheduler/dequeued': 1,
 'scheduler/dequeued/memory': 1,
 'scheduler/enqueued': 1,
 'scheduler/enqueued/memory': 1,
 'start_time': datetime.datetime(2018, 3, 3, 11, 39, 36, 264072)}
2018-03-03 19:39:36 [scrapy.core.engine] INFO: Spider closed (finished)
