2017-10-21 00:51:26 [scrapy.utils.log] INFO: Scrapy 1.4.0 started (bot: sina)
2017-10-21 00:51:26 [scrapy.utils.log] INFO: Overridden settings: {'BOT_NAME': 'sina', 'DOWNLOAD_DELAY': 1.1, 'LOG_FILE': 'logs\\sina\\sinaspider\\e1d8ee62b5b611e78ab0f0761c96c9b9.log', 'NEWSPIDER_MODULE': 'sina.spiders', 'SPIDER_MODULES': ['sina.spiders']}
2017-10-21 00:51:26 [scrapy.middleware] INFO: Enabled extensions:
['scrapy.extensions.corestats.CoreStats',
 'scrapy.extensions.telnet.TelnetConsole',
 'scrapy.extensions.logstats.LogStats']
2017-10-21 00:51:27 [scrapy.middleware] INFO: Enabled downloader middlewares:
['sina.middlewares.RandomUserAgentMiddlware',
 'scrapy.downloadermiddlewares.httpauth.HttpAuthMiddleware',
 'scrapy.downloadermiddlewares.downloadtimeout.DownloadTimeoutMiddleware',
 'scrapy.downloadermiddlewares.defaultheaders.DefaultHeadersMiddleware',
 'scrapy.downloadermiddlewares.useragent.UserAgentMiddleware',
 'sina.middlewares.SinaSpiderMiddleware',
 'scrapy.downloadermiddlewares.retry.RetryMiddleware',
 'scrapy.downloadermiddlewares.redirect.MetaRefreshMiddleware',
 'scrapy.downloadermiddlewares.httpcompression.HttpCompressionMiddleware',
 'scrapy.downloadermiddlewares.redirect.RedirectMiddleware',
 'scrapy.downloadermiddlewares.cookies.CookiesMiddleware',
 'scrapy.downloadermiddlewares.httpproxy.HttpProxyMiddleware',
 'scrapy.downloadermiddlewares.stats.DownloaderStats']
2017-10-21 00:51:27 [scrapy.middleware] INFO: Enabled spider middlewares:
['scrapy.spidermiddlewares.httperror.HttpErrorMiddleware',
 'scrapy.spidermiddlewares.offsite.OffsiteMiddleware',
 'scrapy.spidermiddlewares.referer.RefererMiddleware',
 'scrapy.spidermiddlewares.urllength.UrlLengthMiddleware',
 'scrapy.spidermiddlewares.depth.DepthMiddleware']
2017-10-21 00:51:27 [scrapy.middleware] INFO: Enabled item pipelines:
['sina.pipelines.SinaPipeline']
2017-10-21 00:51:27 [scrapy.core.engine] INFO: Spider opened
2017-10-21 00:51:27 [scrapy.extensions.logstats] INFO: Crawled 0 pages (at 0 pages/min), scraped 0 items (at 0 items/min)
2017-10-21 00:51:27 [sinaspider] INFO: Spider opened: sinaspider
2017-10-21 00:51:27 [scrapy.extensions.telnet] DEBUG: Telnet console listening on 127.0.0.1:6024
2017-10-21 00:51:29 [selenium.webdriver.remote.remote_connection] DEBUG: POST http://127.0.0.1:63087/session {"capabilities": {"firstMatch": [], "alwaysMatch": {"browserName": "chrome", "version": "", "platform": "ANY", "chromeOptions": {"prefs": {"profile.managed_default_content_settings.images": 2}, "extensions": [], "args": []}}}, "desiredCapabilities": {"browserName": "chrome", "version": "", "platform": "ANY", "chromeOptions": {"prefs": {"profile.managed_default_content_settings.images": 2}, "extensions": [], "args": []}}}
2017-10-21 00:51:33 [selenium.webdriver.remote.remote_connection] DEBUG: Finished Request
2017-10-21 00:51:33 [selenium.webdriver.remote.remote_connection] DEBUG: POST http://127.0.0.1:63087/session/16c211cc2daba2c014c9509edbfc3cf7/url {"url": "https://www.weibo.com/", "sessionId": "16c211cc2daba2c014c9509edbfc3cf7"}
2017-10-21 00:51:35 [selenium.webdriver.remote.remote_connection] DEBUG: Finished Request
2017-10-21 00:51:35 [selenium.webdriver.remote.remote_connection] DEBUG: GET http://127.0.0.1:63087/session/16c211cc2daba2c014c9509edbfc3cf7/url {"sessionId": "16c211cc2daba2c014c9509edbfc3cf7"}
2017-10-21 00:51:40 [selenium.webdriver.remote.remote_connection] DEBUG: Finished Request
2017-10-21 00:51:40 [scrapy.core.scraper] ERROR: Error downloading <GET https://www.weibo.com/>
Traceback (most recent call last):
  File "c:\users\notebook\appdata\local\programs\python\python36-32\lib\site-packages\twisted\internet\defer.py", line 1386, in _inlineCallbacks
    result = g.send(result)
  File "c:\users\notebook\appdata\local\programs\python\python36-32\lib\site-packages\scrapy\core\downloader\middleware.py", line 37, in process_request
    response = yield method(request=request, spider=spider)
  File "C:\Users\Notebook\Desktop\seu_sinaspider\sina\middlewares.py", line 77, in process_request
    return HtmlResponse(url=spider.browser.current_url, body=spider.browser.page_source, encoding="utf-8",request=request)
  File "c:\users\notebook\appdata\local\programs\python\python36-32\lib\site-packages\selenium\webdriver\remote\webdriver.py", line 522, in current_url
    return self.execute(Command.GET_CURRENT_URL)['value']
  File "c:\users\notebook\appdata\local\programs\python\python36-32\lib\site-packages\selenium\webdriver\remote\webdriver.py", line 256, in execute
    self.error_handler.check_response(response)
  File "c:\users\notebook\appdata\local\programs\python\python36-32\lib\site-packages\selenium\webdriver\remote\errorhandler.py", line 194, in check_response
    raise exception_class(message, screen, stacktrace)
selenium.common.exceptions.WebDriverException: Message: chrome not reachable
  (Session info: chrome=61.0.3163.100)
  (Driver info: chromedriver=2.31.488763 (092de99f48a300323ecf8c2a4e2e7cab51de5ba8),platform=Windows NT 10.0.14393 x86_64)

2017-10-21 00:51:41 [scrapy.core.engine] INFO: Closing spider (finished)
2017-10-21 00:51:41 [scrapy.statscollectors] INFO: Dumping Scrapy stats:
{'downloader/exception_count': 1,
 'downloader/exception_type_count/selenium.common.exceptions.WebDriverException': 1,
 'finish_reason': 'finished',
 'finish_time': datetime.datetime(2017, 10, 20, 16, 51, 41, 153567),
 'log_count/DEBUG': 7,
 'log_count/ERROR': 1,
 'log_count/INFO': 8,
 'scheduler/dequeued': 1,
 'scheduler/dequeued/memory': 1,
 'scheduler/enqueued': 1,
 'scheduler/enqueued/memory': 1,
 'start_time': datetime.datetime(2017, 10, 20, 16, 51, 27, 329760)}
2017-10-21 00:51:41 [scrapy.core.engine] INFO: Spider closed (finished)
