2017-10-21 17:58:12 [scrapy.utils.log] INFO: Scrapy 1.4.0 started (bot: sina)
2017-10-21 17:58:12 [scrapy.utils.log] INFO: Overridden settings: {'BOT_NAME': 'sina', 'DOWNLOAD_DELAY': 1.1, 'LOG_FILE': 'logs\\sina\\sinaspider3\\5028ba46b64611e7bbe6f0761c96c9b9.log', 'NEWSPIDER_MODULE': 'sina.spiders', 'SPIDER_MODULES': ['sina.spiders']}
2017-10-21 17:58:12 [scrapy.middleware] INFO: Enabled extensions:
['scrapy.extensions.corestats.CoreStats',
 'scrapy.extensions.telnet.TelnetConsole',
 'scrapy.extensions.logstats.LogStats']
2017-10-21 17:58:13 [scrapy.middleware] INFO: Enabled downloader middlewares:
['sina.middlewares.RandomUserAgentMiddlware',
 'scrapy.downloadermiddlewares.httpauth.HttpAuthMiddleware',
 'scrapy.downloadermiddlewares.downloadtimeout.DownloadTimeoutMiddleware',
 'scrapy.downloadermiddlewares.defaultheaders.DefaultHeadersMiddleware',
 'scrapy.downloadermiddlewares.useragent.UserAgentMiddleware',
 'sina.middlewares.SinaSpiderMiddleware',
 'scrapy.downloadermiddlewares.retry.RetryMiddleware',
 'scrapy.downloadermiddlewares.redirect.MetaRefreshMiddleware',
 'scrapy.downloadermiddlewares.httpcompression.HttpCompressionMiddleware',
 'scrapy.downloadermiddlewares.redirect.RedirectMiddleware',
 'scrapy.downloadermiddlewares.cookies.CookiesMiddleware',
 'scrapy.downloadermiddlewares.httpproxy.HttpProxyMiddleware',
 'scrapy.downloadermiddlewares.stats.DownloaderStats']
2017-10-21 17:58:13 [scrapy.middleware] INFO: Enabled spider middlewares:
['scrapy.spidermiddlewares.httperror.HttpErrorMiddleware',
 'scrapy.spidermiddlewares.offsite.OffsiteMiddleware',
 'scrapy.spidermiddlewares.referer.RefererMiddleware',
 'scrapy.spidermiddlewares.urllength.UrlLengthMiddleware',
 'scrapy.spidermiddlewares.depth.DepthMiddleware']
2017-10-21 17:58:13 [scrapy.middleware] INFO: Enabled item pipelines:
['sina.pipelines.SinaPipeline3']
2017-10-21 17:58:13 [scrapy.core.engine] INFO: Spider opened
2017-10-21 17:58:13 [scrapy.extensions.logstats] INFO: Crawled 0 pages (at 0 pages/min), scraped 0 items (at 0 items/min)
2017-10-21 17:58:13 [sinaspider3] INFO: Spider opened: sinaspider3
2017-10-21 17:58:13 [scrapy.extensions.telnet] DEBUG: Telnet console listening on 127.0.0.1:6023
2017-10-21 17:58:13 [scrapy.core.engine] DEBUG: Crawled (200) <GET https://m.weibo.cn/> (referer: None)
2017-10-21 17:58:15 [scrapy.core.engine] DEBUG: Crawled (200) <GET https://m.weibo.cn/api/container/getIndex?containerid=231016&type=all&since_id=1> (referer: https://m.weibo.cn/)
2017-10-21 17:58:16 [scrapy.core.engine] DEBUG: Crawled (200) <GET https://m.weibo.cn/api/container/getIndex?containerid=231016&type=all&since_id=2> (referer: https://m.weibo.cn/api/container/getIndex?containerid=231016&type=all&since_id=1)
2017-10-21 17:58:18 [scrapy.core.engine] DEBUG: Crawled (200) <GET https://m.weibo.cn/api/container/getIndex?containerid=231016&type=all&since_id=3> (referer: https://m.weibo.cn/api/container/getIndex?containerid=231016&type=all&since_id=2)
2017-10-21 17:58:19 [scrapy.core.engine] DEBUG: Crawled (200) <GET https://m.weibo.cn/api/container/getIndex?containerid=231016&type=all&since_id=4> (referer: https://m.weibo.cn/api/container/getIndex?containerid=231016&type=all&since_id=3)
2017-10-21 17:58:20 [scrapy.core.engine] DEBUG: Crawled (200) <GET https://m.weibo.cn/api/container/getIndex?containerid=231016&type=all&since_id=5> (referer: https://m.weibo.cn/api/container/getIndex?containerid=231016&type=all&since_id=4)
2017-10-21 17:58:22 [scrapy.core.engine] DEBUG: Crawled (200) <GET https://m.weibo.cn/api/container/getIndex?containerid=231016&type=all&since_id=6> (referer: https://m.weibo.cn/api/container/getIndex?containerid=231016&type=all&since_id=5)
2017-10-21 17:58:24 [scrapy.core.engine] DEBUG: Crawled (200) <GET https://m.weibo.cn/api/container/getIndex?containerid=231016&type=all&since_id=7> (referer: https://m.weibo.cn/api/container/getIndex?containerid=231016&type=all&since_id=6)
2017-10-21 17:58:25 [scrapy.core.engine] DEBUG: Crawled (200) <GET https://m.weibo.cn/api/container/getIndex?containerid=231016&type=all&since_id=8> (referer: https://m.weibo.cn/api/container/getIndex?containerid=231016&type=all&since_id=7)
2017-10-21 17:58:27 [scrapy.core.engine] DEBUG: Crawled (200) <GET https://m.weibo.cn/api/container/getIndex?containerid=231016&type=all&since_id=9> (referer: https://m.weibo.cn/api/container/getIndex?containerid=231016&type=all&since_id=8)
2017-10-21 17:58:28 [scrapy.core.engine] DEBUG: Crawled (403) <GET https://m.weibo.cn/api/container/getIndex?containerid=231016&type=all&since_id=10> (referer: https://m.weibo.cn/api/container/getIndex?containerid=231016&type=all&since_id=9)
2017-10-21 17:58:28 [scrapy.spidermiddlewares.httperror] INFO: Ignoring response <403 https://m.weibo.cn/api/container/getIndex?containerid=231016&type=all&since_id=10>: HTTP status code is not handled or not allowed
2017-10-21 17:58:28 [scrapy.core.engine] INFO: Closing spider (finished)
2017-10-21 17:58:28 [scrapy.statscollectors] INFO: Dumping Scrapy stats:
{'downloader/request_bytes': 14665,
 'downloader/request_count': 11,
 'downloader/request_method_count/GET': 11,
 'downloader/response_bytes': 58518,
 'downloader/response_count': 11,
 'downloader/response_status_count/200': 10,
 'downloader/response_status_count/403': 1,
 'finish_reason': 'finished',
 'finish_time': datetime.datetime(2017, 10, 21, 9, 58, 28, 501017),
 'httperror/response_ignored_count': 1,
 'httperror/response_ignored_status_count/403': 1,
 'log_count/DEBUG': 12,
 'log_count/INFO': 9,
 'request_depth_max': 10,
 'response_received_count': 11,
 'scheduler/dequeued': 11,
 'scheduler/dequeued/memory': 11,
 'scheduler/enqueued': 11,
 'scheduler/enqueued/memory': 11,
 'start_time': datetime.datetime(2017, 10, 21, 9, 58, 13, 427075)}
2017-10-21 17:58:28 [scrapy.core.engine] INFO: Spider closed (finished)
