2018-03-03 19:33:56 [scrapy.utils.log] INFO: Scrapy 1.4.0 started (bot: sina)
2018-03-03 19:33:56 [scrapy.utils.log] INFO: Overridden settings: {'BOT_NAME': 'sina', 'DOWNLOAD_DELAY': 1.1, 'LOG_FILE': 'logs\\sina\\sinaspider4\\bce1569e1ed611e8878af0761c96c9b9.log', 'NEWSPIDER_MODULE': 'sina.spiders', 'SPIDER_MODULES': ['sina.spiders']}
2018-03-03 19:33:57 [scrapy.middleware] INFO: Enabled extensions:
['scrapy.extensions.corestats.CoreStats',
 'scrapy.extensions.telnet.TelnetConsole',
 'scrapy.extensions.logstats.LogStats']
2018-03-03 19:33:57 [scrapy.middleware] INFO: Enabled downloader middlewares:
['sina.middlewares.RandomUserAgentMiddlware',
 'scrapy.downloadermiddlewares.httpauth.HttpAuthMiddleware',
 'scrapy.downloadermiddlewares.downloadtimeout.DownloadTimeoutMiddleware',
 'scrapy.downloadermiddlewares.defaultheaders.DefaultHeadersMiddleware',
 'scrapy.downloadermiddlewares.useragent.UserAgentMiddleware',
 'sina.middlewares.SinaSpiderMiddleware',
 'scrapy.downloadermiddlewares.retry.RetryMiddleware',
 'scrapy.downloadermiddlewares.redirect.MetaRefreshMiddleware',
 'scrapy.downloadermiddlewares.httpcompression.HttpCompressionMiddleware',
 'scrapy.downloadermiddlewares.redirect.RedirectMiddleware',
 'scrapy.downloadermiddlewares.cookies.CookiesMiddleware',
 'scrapy.downloadermiddlewares.httpproxy.HttpProxyMiddleware',
 'scrapy.downloadermiddlewares.stats.DownloaderStats']
2018-03-03 19:33:57 [scrapy.middleware] INFO: Enabled spider middlewares:
['scrapy.spidermiddlewares.httperror.HttpErrorMiddleware',
 'scrapy.spidermiddlewares.offsite.OffsiteMiddleware',
 'scrapy.spidermiddlewares.referer.RefererMiddleware',
 'scrapy.spidermiddlewares.urllength.UrlLengthMiddleware',
 'scrapy.spidermiddlewares.depth.DepthMiddleware']
2018-03-03 19:33:57 [scrapy.middleware] INFO: Enabled item pipelines:
['sina.pipelines.SinaPipeline4']
2018-03-03 19:33:57 [scrapy.core.engine] INFO: Spider opened
2018-03-03 19:33:57 [scrapy.extensions.logstats] INFO: Crawled 0 pages (at 0 pages/min), scraped 0 items (at 0 items/min)
2018-03-03 19:33:57 [sinaspider4] INFO: Spider opened: sinaspider4
2018-03-03 19:33:57 [scrapy.extensions.telnet] DEBUG: Telnet console listening on 127.0.0.1:6024
2018-03-03 19:33:58 [scrapy.core.engine] DEBUG: Crawled (200) <GET https://weibo.cn/u/1703010470> (referer: None)
2018-03-03 19:33:59 [scrapy.core.engine] DEBUG: Crawled (200) <GET https://weibo.cn/1703010470/fans?page=1> (referer: https://weibo.cn/u/1703010470)
2018-03-03 19:33:59 [scrapy.core.scraper] DEBUG: Scraped from <200 https://weibo.cn/1703010470/fans?page=1>
None
2018-03-03 19:34:00 [scrapy.core.engine] DEBUG: Crawled (200) <GET https://weibo.cn/6471399962/fans?page=1> (referer: https://weibo.cn/1703010470/fans?page=1)
2018-03-03 19:34:02 [scrapy.core.engine] DEBUG: Crawled (200) <GET https://weibo.cn/5301366486/fans?page=1> (referer: https://weibo.cn/1703010470/fans?page=1)
2018-03-03 19:34:03 [scrapy.core.engine] DEBUG: Crawled (200) <GET https://weibo.cn/5617005576/fans?page=1> (referer: https://weibo.cn/1703010470/fans?page=1)
2018-03-03 19:34:04 [scrapy.core.engine] DEBUG: Crawled (200) <GET https://weibo.cn/2749025392/fans?page=1> (referer: https://weibo.cn/1703010470/fans?page=1)
2018-03-03 19:34:06 [scrapy.core.engine] DEBUG: Crawled (200) <GET https://weibo.cn/3898839263/fans?page=1> (referer: https://weibo.cn/1703010470/fans?page=1)
2018-03-03 19:34:07 [scrapy.core.engine] DEBUG: Crawled (200) <GET https://weibo.cn/6172625313/fans?page=1> (referer: https://weibo.cn/1703010470/fans?page=1)
2018-03-03 19:34:08 [scrapy.core.engine] DEBUG: Crawled (200) <GET https://weibo.cn/2715579431/fans?page=1> (referer: https://weibo.cn/1703010470/fans?page=1)
2018-03-03 19:34:09 [scrapy.core.engine] DEBUG: Crawled (200) <GET https://weibo.cn/3645319480/fans?page=1> (referer: https://weibo.cn/1703010470/fans?page=1)
2018-03-03 19:34:10 [scrapy.core.engine] DEBUG: Crawled (200) <GET https://weibo.cn/5406031563/fans?page=1> (referer: https://weibo.cn/1703010470/fans?page=1)
2018-03-03 19:34:12 [scrapy.core.engine] DEBUG: Crawled (200) <GET https://weibo.cn/2024975544/fans?page=1> (referer: https://weibo.cn/1703010470/fans?page=1)
2018-03-03 19:34:13 [scrapy.core.engine] DEBUG: Crawled (200) <GET https://weibo.cn/6471399962/fans?page=1> (referer: https://weibo.cn/6471399962/fans?page=1)
2018-03-03 19:34:13 [scrapy.core.scraper] DEBUG: Scraped from <200 https://weibo.cn/6471399962/fans?page=1>
None
2018-03-03 19:34:15 [scrapy.core.engine] DEBUG: Crawled (200) <GET https://weibo.cn/5301366486/fans?page=1> (referer: https://weibo.cn/5301366486/fans?page=1)
2018-03-03 19:34:15 [scrapy.core.scraper] DEBUG: Scraped from <200 https://weibo.cn/5301366486/fans?page=1>
None
2018-03-03 19:34:16 [scrapy.core.engine] DEBUG: Crawled (200) <GET https://weibo.cn/5617005576/fans?page=1> (referer: https://weibo.cn/5617005576/fans?page=1)
2018-03-03 19:34:16 [scrapy.core.scraper] DEBUG: Scraped from <200 https://weibo.cn/5617005576/fans?page=1>
None
2018-03-03 19:34:18 [scrapy.core.engine] DEBUG: Crawled (200) <GET https://weibo.cn/2749025392/fans?page=1> (referer: https://weibo.cn/2749025392/fans?page=1)
2018-03-03 19:34:18 [scrapy.core.scraper] DEBUG: Scraped from <200 https://weibo.cn/2749025392/fans?page=1>
None
2018-03-03 19:34:19 [scrapy.core.engine] DEBUG: Crawled (200) <GET https://weibo.cn/3898839263/fans?page=1> (referer: https://weibo.cn/3898839263/fans?page=1)
2018-03-03 19:34:19 [scrapy.core.scraper] DEBUG: Scraped from <200 https://weibo.cn/3898839263/fans?page=1>
None
2018-03-03 19:34:20 [scrapy.core.engine] DEBUG: Crawled (200) <GET https://weibo.cn/6172625313/fans?page=1> (referer: https://weibo.cn/6172625313/fans?page=1)
2018-03-03 19:34:20 [scrapy.core.scraper] DEBUG: Scraped from <200 https://weibo.cn/6172625313/fans?page=1>
None
2018-03-03 19:34:21 [scrapy.core.engine] DEBUG: Crawled (200) <GET https://weibo.cn/2715579431/fans?page=1> (referer: https://weibo.cn/2715579431/fans?page=1)
2018-03-03 19:34:21 [scrapy.core.scraper] DEBUG: Scraped from <200 https://weibo.cn/2715579431/fans?page=1>
None
2018-03-03 19:34:23 [scrapy.core.engine] DEBUG: Crawled (200) <GET https://weibo.cn/3645319480/fans?page=1> (referer: https://weibo.cn/3645319480/fans?page=1)
2018-03-03 19:34:23 [scrapy.core.scraper] DEBUG: Scraped from <200 https://weibo.cn/3645319480/fans?page=1>
None
2018-03-03 19:34:24 [scrapy.core.engine] DEBUG: Crawled (200) <GET https://weibo.cn/5406031563/fans?page=1> (referer: https://weibo.cn/5406031563/fans?page=1)
2018-03-03 19:34:24 [scrapy.core.scraper] DEBUG: Scraped from <200 https://weibo.cn/5406031563/fans?page=1>
None
2018-03-03 19:34:25 [scrapy.core.engine] DEBUG: Crawled (200) <GET https://weibo.cn/2024975544/fans?page=1> (referer: https://weibo.cn/2024975544/fans?page=1)
2018-03-03 19:34:26 [scrapy.core.scraper] DEBUG: Scraped from <200 https://weibo.cn/2024975544/fans?page=1>
None
2018-03-03 19:34:27 [scrapy.core.engine] DEBUG: Crawled (200) <GET https://weibo.cn/6363016698/fans?page=1> (referer: https://weibo.cn/5301366486/fans?page=1)
2018-03-03 19:34:28 [scrapy.core.engine] DEBUG: Crawled (200) <GET https://weibo.cn/1733991565/fans?page=1> (referer: https://weibo.cn/5301366486/fans?page=1)
2018-03-03 19:34:29 [scrapy.core.engine] DEBUG: Crawled (403) <GET https://weibo.cn/2704086942/fans?page=1> (referer: https://weibo.cn/5301366486/fans?page=1)
2018-03-03 19:34:29 [scrapy.spidermiddlewares.httperror] INFO: Ignoring response <403 https://weibo.cn/2704086942/fans?page=1>: HTTP status code is not handled or not allowed
