2018-02-22 17:23:31 [scrapy.utils.log] INFO: Scrapy 1.4.0 started (bot: sina)
2018-02-22 17:23:31 [scrapy.utils.log] INFO: Overridden settings: {'BOT_NAME': 'sina', 'DOWNLOAD_DELAY': 1.1, 'LOG_FILE': 'logs\\sina\\sinaspider1\\03fbe7c017b211e88bc3f0761c96c9b9.log', 'NEWSPIDER_MODULE': 'sina.spiders', 'SPIDER_MODULES': ['sina.spiders']}
2018-02-22 17:23:31 [scrapy.middleware] INFO: Enabled extensions:
['scrapy.extensions.corestats.CoreStats',
 'scrapy.extensions.telnet.TelnetConsole',
 'scrapy.extensions.logstats.LogStats']
2018-02-22 17:23:31 [scrapy.middleware] INFO: Enabled downloader middlewares:
['sina.middlewares.RandomUserAgentMiddlware',
 'scrapy.downloadermiddlewares.httpauth.HttpAuthMiddleware',
 'scrapy.downloadermiddlewares.downloadtimeout.DownloadTimeoutMiddleware',
 'scrapy.downloadermiddlewares.defaultheaders.DefaultHeadersMiddleware',
 'scrapy.downloadermiddlewares.useragent.UserAgentMiddleware',
 'sina.middlewares.SinaSpiderMiddleware',
 'scrapy.downloadermiddlewares.retry.RetryMiddleware',
 'scrapy.downloadermiddlewares.redirect.MetaRefreshMiddleware',
 'scrapy.downloadermiddlewares.httpcompression.HttpCompressionMiddleware',
 'scrapy.downloadermiddlewares.redirect.RedirectMiddleware',
 'scrapy.downloadermiddlewares.cookies.CookiesMiddleware',
 'scrapy.downloadermiddlewares.httpproxy.HttpProxyMiddleware',
 'scrapy.downloadermiddlewares.stats.DownloaderStats']
2018-02-22 17:23:32 [scrapy.middleware] INFO: Enabled spider middlewares:
['scrapy.spidermiddlewares.httperror.HttpErrorMiddleware',
 'scrapy.spidermiddlewares.offsite.OffsiteMiddleware',
 'scrapy.spidermiddlewares.referer.RefererMiddleware',
 'scrapy.spidermiddlewares.urllength.UrlLengthMiddleware',
 'scrapy.spidermiddlewares.depth.DepthMiddleware']
2018-02-22 17:23:32 [scrapy.middleware] INFO: Enabled item pipelines:
['sina.pipelines.SinaPipeline1']
2018-02-22 17:23:32 [scrapy.core.engine] INFO: Spider opened
2018-02-22 17:23:32 [scrapy.extensions.logstats] INFO: Crawled 0 pages (at 0 pages/min), scraped 0 items (at 0 items/min)
2018-02-22 17:23:32 [sinaspider1] INFO: Spider opened: sinaspider1
2018-02-22 17:23:32 [scrapy.extensions.telnet] DEBUG: Telnet console listening on 127.0.0.1:6023
2018-02-22 17:23:34 [scrapy.core.engine] DEBUG: Crawled (200) <GET https://weibo.com/1682075684/G4hDRmfw0?ref=home&rid=8_0_8_2633218816887679725> (referer: None)
2018-02-22 17:23:35 [scrapy.downloadermiddlewares.redirect] DEBUG: Redirecting (301) to <GET https://weibo.com/aj/v6/comment/big?ajwvr=6&id=4210187244037728&page=1> from <GET http://weibo.com/aj/v6/comment/big?ajwvr=6&id=4210187244037728&page=1>
2018-02-22 17:23:38 [scrapy.core.engine] DEBUG: Crawled (200) <GET https://weibo.com/aj/v6/comment/big?ajwvr=6&id=4210187244037728&page=1> (referer: None)
2018-02-22 17:23:39 [scrapy.downloadermiddlewares.redirect] DEBUG: Redirecting (301) to <GET https://weibo.com/aj/v6/comment/big?ajwvr=6&id=4210187244037728&page=12> from <GET http://weibo.com/aj/v6/comment/big?ajwvr=6&id=4210187244037728&page=12>
2018-02-22 17:23:40 [scrapy.downloadermiddlewares.redirect] DEBUG: Redirecting (301) to <GET https://weibo.com/aj/v6/comment/big?ajwvr=6&id=4210187244037728&page=11> from <GET http://weibo.com/aj/v6/comment/big?ajwvr=6&id=4210187244037728&page=11>
2018-02-22 17:23:41 [scrapy.downloadermiddlewares.redirect] DEBUG: Redirecting (301) to <GET https://weibo.com/aj/v6/comment/big?ajwvr=6&id=4210187244037728&page=10> from <GET http://weibo.com/aj/v6/comment/big?ajwvr=6&id=4210187244037728&page=10>
2018-02-22 17:23:43 [scrapy.downloadermiddlewares.redirect] DEBUG: Redirecting (301) to <GET https://weibo.com/aj/v6/comment/big?ajwvr=6&id=4210187244037728&page=9> from <GET http://weibo.com/aj/v6/comment/big?ajwvr=6&id=4210187244037728&page=9>
2018-02-22 17:23:45 [scrapy.downloadermiddlewares.redirect] DEBUG: Redirecting (301) to <GET https://weibo.com/aj/v6/comment/big?ajwvr=6&id=4210187244037728&page=8> from <GET http://weibo.com/aj/v6/comment/big?ajwvr=6&id=4210187244037728&page=8>
2018-02-22 17:23:46 [scrapy.downloadermiddlewares.redirect] DEBUG: Redirecting (301) to <GET https://weibo.com/aj/v6/comment/big?ajwvr=6&id=4210187244037728&page=7> from <GET http://weibo.com/aj/v6/comment/big?ajwvr=6&id=4210187244037728&page=7>
2018-02-22 17:23:48 [scrapy.downloadermiddlewares.redirect] DEBUG: Redirecting (301) to <GET https://weibo.com/aj/v6/comment/big?ajwvr=6&id=4210187244037728&page=6> from <GET http://weibo.com/aj/v6/comment/big?ajwvr=6&id=4210187244037728&page=6>
2018-02-22 17:23:49 [scrapy.downloadermiddlewares.redirect] DEBUG: Redirecting (301) to <GET https://weibo.com/aj/v6/comment/big?ajwvr=6&id=4210187244037728&page=5> from <GET http://weibo.com/aj/v6/comment/big?ajwvr=6&id=4210187244037728&page=5>
2018-02-22 17:23:50 [scrapy.downloadermiddlewares.redirect] DEBUG: Redirecting (301) to <GET https://weibo.com/aj/v6/comment/big?ajwvr=6&id=4210187244037728&page=4> from <GET http://weibo.com/aj/v6/comment/big?ajwvr=6&id=4210187244037728&page=4>
2018-02-22 17:23:51 [scrapy.downloadermiddlewares.redirect] DEBUG: Redirecting (301) to <GET https://weibo.com/aj/v6/comment/big?ajwvr=6&id=4210187244037728&page=3> from <GET http://weibo.com/aj/v6/comment/big?ajwvr=6&id=4210187244037728&page=3>
2018-02-22 17:23:52 [scrapy.downloadermiddlewares.redirect] DEBUG: Redirecting (301) to <GET https://weibo.com/aj/v6/comment/big?ajwvr=6&id=4210187244037728&page=2> from <GET http://weibo.com/aj/v6/comment/big?ajwvr=6&id=4210187244037728&page=2>
2018-02-22 17:23:53 [scrapy.downloadermiddlewares.redirect] DEBUG: Redirecting (301) to <GET https://weibo.com/aj/v6/comment/big?ajwvr=6&id=4210187244037728&page=1> from <GET http://weibo.com/aj/v6/comment/big?ajwvr=6&id=4210187244037728&page=1>
2018-02-22 17:23:55 [scrapy.downloadermiddlewares.redirect] DEBUG: Redirecting (301) to <GET https://weibo.com/aj/v6/comment/big?ajwvr=6&id=4210187244037728&page=25> from <GET http://weibo.com/aj/v6/comment/big?ajwvr=6&id=4210187244037728&page=25>
2018-02-22 17:23:57 [scrapy.downloadermiddlewares.redirect] DEBUG: Redirecting (301) to <GET https://weibo.com/aj/v6/comment/big?ajwvr=6&id=4210187244037728&page=24> from <GET http://weibo.com/aj/v6/comment/big?ajwvr=6&id=4210187244037728&page=24>
2018-02-22 17:23:58 [scrapy.downloadermiddlewares.redirect] DEBUG: Redirecting (301) to <GET https://weibo.com/aj/v6/comment/big?ajwvr=6&id=4210187244037728&page=23> from <GET http://weibo.com/aj/v6/comment/big?ajwvr=6&id=4210187244037728&page=23>
2018-02-22 17:23:59 [scrapy.downloadermiddlewares.redirect] DEBUG: Redirecting (301) to <GET https://weibo.com/aj/v6/comment/big?ajwvr=6&id=4210187244037728&page=22> from <GET http://weibo.com/aj/v6/comment/big?ajwvr=6&id=4210187244037728&page=22>
2018-02-22 17:24:01 [scrapy.core.engine] DEBUG: Crawled (200) <GET https://weibo.com/aj/v6/comment/big?ajwvr=6&id=4210187244037728&page=12> (referer: None)
2018-02-22 17:24:01 [scrapy.core.scraper] DEBUG: Scraped from <200 https://weibo.com/aj/v6/comment/big?ajwvr=6&id=4210187244037728&page=12>
None
2018-02-22 17:24:03 [scrapy.core.engine] DEBUG: Crawled (200) <GET https://weibo.com/aj/v6/comment/big?ajwvr=6&id=4210187244037728&page=11> (referer: None)
2018-02-22 17:24:03 [scrapy.core.scraper] DEBUG: Scraped from <200 https://weibo.com/aj/v6/comment/big?ajwvr=6&id=4210187244037728&page=11>
None
2018-02-22 17:24:04 [scrapy.core.engine] DEBUG: Crawled (200) <GET https://weibo.com/aj/v6/comment/big?ajwvr=6&id=4210187244037728&page=10> (referer: None)
2018-02-22 17:24:05 [scrapy.core.scraper] DEBUG: Scraped from <200 https://weibo.com/aj/v6/comment/big?ajwvr=6&id=4210187244037728&page=10>
None
2018-02-22 17:24:06 [scrapy.core.engine] DEBUG: Crawled (200) <GET https://weibo.com/aj/v6/comment/big?ajwvr=6&id=4210187244037728&page=9> (referer: None)
2018-02-22 17:24:06 [scrapy.core.scraper] DEBUG: Scraped from <200 https://weibo.com/aj/v6/comment/big?ajwvr=6&id=4210187244037728&page=9>
None
2018-02-22 17:24:07 [scrapy.core.engine] DEBUG: Crawled (200) <GET https://weibo.com/aj/v6/comment/big?ajwvr=6&id=4210187244037728&page=8> (referer: None)
2018-02-22 17:24:07 [scrapy.core.scraper] DEBUG: Scraped from <200 https://weibo.com/aj/v6/comment/big?ajwvr=6&id=4210187244037728&page=8>
None
2018-02-22 17:24:08 [scrapy.core.engine] DEBUG: Crawled (200) <GET https://weibo.com/aj/v6/comment/big?ajwvr=6&id=4210187244037728&page=7> (referer: None)
2018-02-22 17:24:08 [scrapy.core.scraper] DEBUG: Scraped from <200 https://weibo.com/aj/v6/comment/big?ajwvr=6&id=4210187244037728&page=7>
None
2018-02-22 17:24:09 [scrapy.core.engine] DEBUG: Crawled (200) <GET https://weibo.com/aj/v6/comment/big?ajwvr=6&id=4210187244037728&page=6> (referer: None)
2018-02-22 17:24:10 [scrapy.core.scraper] DEBUG: Scraped from <200 https://weibo.com/aj/v6/comment/big?ajwvr=6&id=4210187244037728&page=6>
None
2018-02-22 17:24:11 [scrapy.core.engine] DEBUG: Crawled (200) <GET https://weibo.com/aj/v6/comment/big?ajwvr=6&id=4210187244037728&page=5> (referer: None)
2018-02-22 17:24:11 [scrapy.core.scraper] DEBUG: Scraped from <200 https://weibo.com/aj/v6/comment/big?ajwvr=6&id=4210187244037728&page=5>
None
2018-02-22 17:24:12 [scrapy.core.engine] DEBUG: Crawled (200) <GET https://weibo.com/aj/v6/comment/big?ajwvr=6&id=4210187244037728&page=4> (referer: None)
2018-02-22 17:24:12 [scrapy.core.scraper] DEBUG: Scraped from <200 https://weibo.com/aj/v6/comment/big?ajwvr=6&id=4210187244037728&page=4>
None
2018-02-22 17:24:14 [scrapy.core.engine] DEBUG: Crawled (200) <GET https://weibo.com/aj/v6/comment/big?ajwvr=6&id=4210187244037728&page=3> (referer: None)
2018-02-22 17:24:15 [scrapy.core.scraper] DEBUG: Scraped from <200 https://weibo.com/aj/v6/comment/big?ajwvr=6&id=4210187244037728&page=3>
None
2018-02-22 17:24:16 [scrapy.core.engine] DEBUG: Crawled (200) <GET https://weibo.com/aj/v6/comment/big?ajwvr=6&id=4210187244037728&page=2> (referer: None)
2018-02-22 17:24:16 [scrapy.core.scraper] DEBUG: Scraped from <200 https://weibo.com/aj/v6/comment/big?ajwvr=6&id=4210187244037728&page=2>
None
2018-02-22 17:24:18 [scrapy.core.engine] DEBUG: Crawled (200) <GET https://weibo.com/aj/v6/comment/big?ajwvr=6&id=4210187244037728&page=1> (referer: None)
2018-02-22 17:24:18 [scrapy.core.scraper] DEBUG: Scraped from <200 https://weibo.com/aj/v6/comment/big?ajwvr=6&id=4210187244037728&page=1>
None
2018-02-22 17:24:19 [scrapy.core.engine] DEBUG: Crawled (200) <GET https://weibo.com/aj/v6/comment/big?ajwvr=6&id=4210187244037728&page=25> (referer: None)
2018-02-22 17:24:19 [scrapy.core.scraper] DEBUG: Scraped from <200 https://weibo.com/aj/v6/comment/big?ajwvr=6&id=4210187244037728&page=25>
None
2018-02-22 17:24:20 [scrapy.core.engine] DEBUG: Crawled (200) <GET https://weibo.com/aj/v6/comment/big?ajwvr=6&id=4210187244037728&page=24> (referer: None)
2018-02-22 17:24:20 [scrapy.core.scraper] DEBUG: Scraped from <200 https://weibo.com/aj/v6/comment/big?ajwvr=6&id=4210187244037728&page=24>
None
2018-02-22 17:24:21 [scrapy.core.engine] DEBUG: Crawled (200) <GET https://weibo.com/aj/v6/comment/big?ajwvr=6&id=4210187244037728&page=23> (referer: None)
2018-02-22 17:24:21 [scrapy.core.scraper] DEBUG: Scraped from <200 https://weibo.com/aj/v6/comment/big?ajwvr=6&id=4210187244037728&page=23>
None
2018-02-22 17:24:22 [scrapy.downloadermiddlewares.redirect] DEBUG: Redirecting (301) to <GET https://weibo.com/aj/v6/comment/big?ajwvr=6&id=4210187244037728&page=130> from <GET http://weibo.com/aj/v6/comment/big?ajwvr=6&id=4210187244037728&page=130>
2018-02-22 17:24:22 [scrapy.core.engine] DEBUG: Crawled (200) <GET https://weibo.com/aj/v6/comment/big?ajwvr=6&id=4210187244037728&page=22> (referer: None)
2018-02-22 17:24:22 [scrapy.core.scraper] DEBUG: Scraped from <200 https://weibo.com/aj/v6/comment/big?ajwvr=6&id=4210187244037728&page=22>
None
2018-02-22 17:24:23 [scrapy.downloadermiddlewares.redirect] DEBUG: Redirecting (301) to <GET https://weibo.com/aj/v6/comment/big?ajwvr=6&id=4210187244037728&page=129> from <GET http://weibo.com/aj/v6/comment/big?ajwvr=6&id=4210187244037728&page=129>
2018-02-22 17:24:25 [scrapy.downloadermiddlewares.redirect] DEBUG: Redirecting (301) to <GET https://weibo.com/aj/v6/comment/big?ajwvr=6&id=4210187244037728&page=128> from <GET http://weibo.com/aj/v6/comment/big?ajwvr=6&id=4210187244037728&page=128>
2018-02-22 17:24:27 [scrapy.downloadermiddlewares.redirect] DEBUG: Redirecting (301) to <GET https://weibo.com/aj/v6/comment/big?ajwvr=6&id=4210187244037728&page=127> from <GET http://weibo.com/aj/v6/comment/big?ajwvr=6&id=4210187244037728&page=127>
2018-02-22 17:24:28 [scrapy.downloadermiddlewares.redirect] DEBUG: Redirecting (301) to <GET https://weibo.com/aj/v6/comment/big?ajwvr=6&id=4210187244037728&page=126> from <GET http://weibo.com/aj/v6/comment/big?ajwvr=6&id=4210187244037728&page=126>
2018-02-22 17:24:30 [scrapy.downloadermiddlewares.redirect] DEBUG: Redirecting (301) to <GET https://weibo.com/aj/v6/comment/big?ajwvr=6&id=4210187244037728&page=125> from <GET http://weibo.com/aj/v6/comment/big?ajwvr=6&id=4210187244037728&page=125>
2018-02-22 17:24:31 [scrapy.downloadermiddlewares.redirect] DEBUG: Redirecting (301) to <GET https://weibo.com/aj/v6/comment/big?ajwvr=6&id=4210187244037728&page=124> from <GET http://weibo.com/aj/v6/comment/big?ajwvr=6&id=4210187244037728&page=124>
2018-02-22 17:24:32 [scrapy.extensions.logstats] INFO: Crawled 18 pages (at 18 pages/min), scraped 16 items (at 16 items/min)
2018-02-22 17:24:32 [scrapy.downloadermiddlewares.redirect] DEBUG: Redirecting (301) to <GET https://weibo.com/aj/v6/comment/big?ajwvr=6&id=4210187244037728&page=123> from <GET http://weibo.com/aj/v6/comment/big?ajwvr=6&id=4210187244037728&page=123>
2018-02-22 17:24:33 [scrapy.downloadermiddlewares.redirect] DEBUG: Redirecting (301) to <GET https://weibo.com/aj/v6/comment/big?ajwvr=6&id=4210187244037728&page=122> from <GET http://weibo.com/aj/v6/comment/big?ajwvr=6&id=4210187244037728&page=122>
2018-02-22 17:24:34 [scrapy.downloadermiddlewares.redirect] DEBUG: Redirecting (301) to <GET https://weibo.com/aj/v6/comment/big?ajwvr=6&id=4210187244037728&page=121> from <GET http://weibo.com/aj/v6/comment/big?ajwvr=6&id=4210187244037728&page=121>
2018-02-22 17:24:36 [scrapy.downloadermiddlewares.redirect] DEBUG: Redirecting (301) to <GET https://weibo.com/aj/v6/comment/big?ajwvr=6&id=4210187244037728&page=120> from <GET http://weibo.com/aj/v6/comment/big?ajwvr=6&id=4210187244037728&page=120>
2018-02-22 17:24:37 [scrapy.downloadermiddlewares.redirect] DEBUG: Redirecting (301) to <GET https://weibo.com/aj/v6/comment/big?ajwvr=6&id=4210187244037728&page=119> from <GET http://weibo.com/aj/v6/comment/big?ajwvr=6&id=4210187244037728&page=119>
2018-02-22 17:24:39 [scrapy.downloadermiddlewares.redirect] DEBUG: Redirecting (301) to <GET https://weibo.com/aj/v6/comment/big?ajwvr=6&id=4210187244037728&page=118> from <GET http://weibo.com/aj/v6/comment/big?ajwvr=6&id=4210187244037728&page=118>
2018-02-22 17:24:40 [scrapy.downloadermiddlewares.redirect] DEBUG: Redirecting (301) to <GET https://weibo.com/aj/v6/comment/big?ajwvr=6&id=4210187244037728&page=117> from <GET http://weibo.com/aj/v6/comment/big?ajwvr=6&id=4210187244037728&page=117>
2018-02-22 17:24:42 [scrapy.downloadermiddlewares.redirect] DEBUG: Redirecting (301) to <GET https://weibo.com/aj/v6/comment/big?ajwvr=6&id=4210187244037728&page=116> from <GET http://weibo.com/aj/v6/comment/big?ajwvr=6&id=4210187244037728&page=116>
2018-02-22 17:24:44 [scrapy.core.engine] DEBUG: Crawled (200) <GET https://weibo.com/aj/v6/comment/big?ajwvr=6&id=4210187244037728&page=130> (referer: None)
2018-02-22 17:24:44 [scrapy.core.scraper] DEBUG: Scraped from <200 https://weibo.com/aj/v6/comment/big?ajwvr=6&id=4210187244037728&page=130>
None
2018-02-22 17:24:45 [scrapy.downloadermiddlewares.redirect] DEBUG: Redirecting (301) to <GET https://weibo.com/aj/v6/comment/big?ajwvr=6&id=4210187244037728&page=115> from <GET http://weibo.com/aj/v6/comment/big?ajwvr=6&id=4210187244037728&page=115>
