2017-10-21 17:51:18 [scrapy.utils.log] INFO: Scrapy 1.4.0 started (bot: sina)
2017-10-21 17:51:18 [scrapy.utils.log] INFO: Overridden settings: {'BOT_NAME': 'sina', 'DOWNLOAD_DELAY': 1.1, 'LOG_FILE': 'logs\\sina\\sinaspider1\\5ac7b3a2b64511e7b2eff0761c96c9b9.log', 'NEWSPIDER_MODULE': 'sina.spiders', 'SPIDER_MODULES': ['sina.spiders']}
2017-10-21 17:51:20 [scrapy.middleware] INFO: Enabled extensions:
['scrapy.extensions.corestats.CoreStats',
 'scrapy.extensions.telnet.TelnetConsole',
 'scrapy.extensions.logstats.LogStats']
2017-10-21 17:51:21 [scrapy.middleware] INFO: Enabled downloader middlewares:
['sina.middlewares.RandomUserAgentMiddlware',
 'scrapy.downloadermiddlewares.httpauth.HttpAuthMiddleware',
 'scrapy.downloadermiddlewares.downloadtimeout.DownloadTimeoutMiddleware',
 'scrapy.downloadermiddlewares.defaultheaders.DefaultHeadersMiddleware',
 'scrapy.downloadermiddlewares.useragent.UserAgentMiddleware',
 'sina.middlewares.SinaSpiderMiddleware',
 'scrapy.downloadermiddlewares.retry.RetryMiddleware',
 'scrapy.downloadermiddlewares.redirect.MetaRefreshMiddleware',
 'scrapy.downloadermiddlewares.httpcompression.HttpCompressionMiddleware',
 'scrapy.downloadermiddlewares.redirect.RedirectMiddleware',
 'scrapy.downloadermiddlewares.cookies.CookiesMiddleware',
 'scrapy.downloadermiddlewares.httpproxy.HttpProxyMiddleware',
 'scrapy.downloadermiddlewares.stats.DownloaderStats']
2017-10-21 17:51:21 [scrapy.middleware] INFO: Enabled spider middlewares:
['scrapy.spidermiddlewares.httperror.HttpErrorMiddleware',
 'scrapy.spidermiddlewares.offsite.OffsiteMiddleware',
 'scrapy.spidermiddlewares.referer.RefererMiddleware',
 'scrapy.spidermiddlewares.urllength.UrlLengthMiddleware',
 'scrapy.spidermiddlewares.depth.DepthMiddleware']
2017-10-21 17:51:21 [scrapy.middleware] INFO: Enabled item pipelines:
['sina.pipelines.SinaPipeline1']
2017-10-21 17:51:21 [scrapy.core.engine] INFO: Spider opened
2017-10-21 17:51:21 [scrapy.extensions.logstats] INFO: Crawled 0 pages (at 0 pages/min), scraped 0 items (at 0 items/min)
2017-10-21 17:51:21 [sinaspider1] INFO: Spider opened: sinaspider1
2017-10-21 17:51:21 [scrapy.extensions.telnet] DEBUG: Telnet console listening on 127.0.0.1:6023
2017-10-21 17:51:22 [scrapy.downloadermiddlewares.redirect] DEBUG: Redirecting (302) to <GET https://www.weibo.com/u/2613164393/home?wvr=5> from <GET https://www.weibo.com/>
2017-10-21 17:51:23 [scrapy.core.engine] DEBUG: Crawled (200) <GET https://www.weibo.com/u/2613164393/home?wvr=5> (referer: None)
2017-10-21 17:51:24 [scrapy.core.engine] DEBUG: Crawled (200) <GET https://weibo.com/1882811994/FqOV2zIis?from=page_1005051882811994_profile&wvr=6&mod=weibotime> (referer: https://www.weibo.com/u/2613164393/home?wvr=5)
2017-10-21 17:51:24 [scrapy.core.scraper] ERROR: Spider error processing <GET https://weibo.com/1882811994/FqOV2zIis?from=page_1005051882811994_profile&wvr=6&mod=weibotime> (referer: https://www.weibo.com/u/2613164393/home?wvr=5)
Traceback (most recent call last):
  File "c:\users\notebook\appdata\local\programs\python\python36-32\lib\site-packages\scrapy\utils\defer.py", line 102, in iter_errback
    yield next(it)
  File "c:\users\notebook\appdata\local\programs\python\python36-32\lib\site-packages\scrapy\spidermiddlewares\offsite.py", line 29, in process_spider_output
    for x in result:
  File "c:\users\notebook\appdata\local\programs\python\python36-32\lib\site-packages\scrapy\spidermiddlewares\referer.py", line 339, in <genexpr>
    return (_set_referer(r) for r in result or ())
  File "c:\users\notebook\appdata\local\programs\python\python36-32\lib\site-packages\scrapy\spidermiddlewares\urllength.py", line 37, in <genexpr>
    return (r for r in result or () if _filter(r))
  File "c:\users\notebook\appdata\local\programs\python\python36-32\lib\site-packages\scrapy\spidermiddlewares\depth.py", line 58, in <genexpr>
    return (r for r in result or () if _filter(r))
  File "C:\Users\Notebook\Desktop\seu_sinaspider\sina\spiders\sinaspider1.py", line 64, in getmid
    yield scrapy.Request(url,cookies=self.cook,dont_filter=True,callback=self.generate_page,meta={'mid':mid})
NameError: name 'mid' is not defined
2017-10-21 17:51:24 [scrapy.core.engine] INFO: Closing spider (finished)
2017-10-21 17:51:24 [scrapy.statscollectors] INFO: Dumping Scrapy stats:
{'downloader/request_bytes': 4389,
 'downloader/request_count': 3,
 'downloader/request_method_count/GET': 3,
 'downloader/response_bytes': 69482,
 'downloader/response_count': 3,
 'downloader/response_status_count/200': 2,
 'downloader/response_status_count/302': 1,
 'finish_reason': 'finished',
 'finish_time': datetime.datetime(2017, 10, 21, 9, 51, 24, 952922),
 'log_count/DEBUG': 4,
 'log_count/ERROR': 1,
 'log_count/INFO': 8,
 'request_depth_max': 1,
 'response_received_count': 2,
 'scheduler/dequeued': 3,
 'scheduler/dequeued/memory': 3,
 'scheduler/enqueued': 3,
 'scheduler/enqueued/memory': 3,
 'spider_exceptions/NameError': 1,
 'start_time': datetime.datetime(2017, 10, 21, 9, 51, 21, 691444)}
2017-10-21 17:51:24 [scrapy.core.engine] INFO: Spider closed (finished)
