2018-02-22 17:04:50 [scrapy.utils.log] INFO: Scrapy 1.4.0 started (bot: sina)
2018-02-22 17:04:50 [scrapy.utils.log] INFO: Overridden settings: {'BOT_NAME': 'sina', 'DOWNLOAD_DELAY': 1.1, 'LOG_FILE': 'logs\\sina\\sinaspider1\\6ba5342c17af11e898a9f0761c96c9b9.log', 'NEWSPIDER_MODULE': 'sina.spiders', 'SPIDER_MODULES': ['sina.spiders']}
2018-02-22 17:04:51 [scrapy.middleware] INFO: Enabled extensions:
['scrapy.extensions.corestats.CoreStats',
 'scrapy.extensions.telnet.TelnetConsole',
 'scrapy.extensions.logstats.LogStats']
2018-02-22 17:04:51 [scrapy.middleware] INFO: Enabled downloader middlewares:
['sina.middlewares.RandomUserAgentMiddlware',
 'scrapy.downloadermiddlewares.httpauth.HttpAuthMiddleware',
 'scrapy.downloadermiddlewares.downloadtimeout.DownloadTimeoutMiddleware',
 'scrapy.downloadermiddlewares.defaultheaders.DefaultHeadersMiddleware',
 'scrapy.downloadermiddlewares.useragent.UserAgentMiddleware',
 'sina.middlewares.SinaSpiderMiddleware',
 'scrapy.downloadermiddlewares.retry.RetryMiddleware',
 'scrapy.downloadermiddlewares.redirect.MetaRefreshMiddleware',
 'scrapy.downloadermiddlewares.httpcompression.HttpCompressionMiddleware',
 'scrapy.downloadermiddlewares.redirect.RedirectMiddleware',
 'scrapy.downloadermiddlewares.cookies.CookiesMiddleware',
 'scrapy.downloadermiddlewares.httpproxy.HttpProxyMiddleware',
 'scrapy.downloadermiddlewares.stats.DownloaderStats']
2018-02-22 17:04:51 [scrapy.middleware] INFO: Enabled spider middlewares:
['scrapy.spidermiddlewares.httperror.HttpErrorMiddleware',
 'scrapy.spidermiddlewares.offsite.OffsiteMiddleware',
 'scrapy.spidermiddlewares.referer.RefererMiddleware',
 'scrapy.spidermiddlewares.urllength.UrlLengthMiddleware',
 'scrapy.spidermiddlewares.depth.DepthMiddleware']
2018-02-22 17:04:51 [scrapy.middleware] INFO: Enabled item pipelines:
['sina.pipelines.SinaPipeline1']
2018-02-22 17:04:51 [scrapy.core.engine] INFO: Spider opened
2018-02-22 17:04:51 [scrapy.extensions.logstats] INFO: Crawled 0 pages (at 0 pages/min), scraped 0 items (at 0 items/min)
2018-02-22 17:04:51 [sinaspider1] INFO: Spider opened: sinaspider1
2018-02-22 17:04:51 [scrapy.extensions.telnet] DEBUG: Telnet console listening on 127.0.0.1:6023
2018-02-22 17:04:52 [scrapy.core.engine] DEBUG: Crawled (200) <GET https://weibo.com/1682075684/G4hDRmfw0?ref=home&rid=8_0_8_2633218816887679725> (referer: None)
2018-02-22 17:04:53 [scrapy.downloadermiddlewares.redirect] DEBUG: Redirecting (301) to <GET https://weibo.com/aj/v6/comment/big?ajwvr=6&id=4210211315302860&page=1> from <GET http://weibo.com/aj/v6/comment/big?ajwvr=6&id=4210211315302860&page=1>
2018-02-22 17:04:55 [scrapy.core.engine] DEBUG: Crawled (200) <GET https://weibo.com/aj/v6/comment/big?ajwvr=6&id=4210211315302860&page=1> (referer: None)
2018-02-22 17:04:56 [scrapy.downloadermiddlewares.redirect] DEBUG: Redirecting (301) to <GET https://weibo.com/aj/v6/comment/big?ajwvr=6&id=4210211315302860&page=1> from <GET http://weibo.com/aj/v6/comment/big?ajwvr=6&id=4210211315302860&page=1>
2018-02-22 17:04:57 [scrapy.core.engine] DEBUG: Crawled (200) <GET https://weibo.com/aj/v6/comment/big?ajwvr=6&id=4210211315302860&page=1> (referer: None)
2018-02-22 17:04:58 [scrapy.core.scraper] DEBUG: Scraped from <200 https://weibo.com/aj/v6/comment/big?ajwvr=6&id=4210211315302860&page=1>
None
2018-02-22 17:04:58 [scrapy.core.engine] INFO: Closing spider (finished)
2018-02-22 17:04:58 [scrapy.statscollectors] INFO: Dumping Scrapy stats:
{'downloader/request_bytes': 7334,
 'downloader/request_count': 5,
 'downloader/request_method_count/GET': 5,
 'downloader/response_bytes': 31148,
 'downloader/response_count': 5,
 'downloader/response_status_count/200': 3,
 'downloader/response_status_count/301': 2,
 'finish_reason': 'finished',
 'finish_time': datetime.datetime(2018, 2, 22, 9, 4, 58, 359335),
 'item_scraped_count': 1,
 'log_count/DEBUG': 7,
 'log_count/INFO': 8,
 'request_depth_max': 2,
 'response_received_count': 3,
 'scheduler/dequeued': 5,
 'scheduler/dequeued/memory': 5,
 'scheduler/enqueued': 5,
 'scheduler/enqueued/memory': 5,
 'start_time': datetime.datetime(2018, 2, 22, 9, 4, 51, 781169)}
2018-02-22 17:04:58 [scrapy.core.engine] INFO: Spider closed (finished)
